<?xml version="1.0" encoding="UTF-8"?>
<!-- Generated by org.testng.reporters.JUnitXMLReporter -->
<testsuite ignored="0" hostname="DESKTOP-LDIQ5RT" failures="0" tests="5" name="Test33" time="0.063" errors="0" timestamp="2021-10-08T22:09:29 IST">
  <testcase classname="Freshworks.Freshworks.Test01" name="Checkingmavencommand" time="0.0"/>
  <testcase classname="Freshworks.Freshworks.Test01" name="FreshTest" time="0.015"/>
  <testcase classname="Freshworks.Freshworks.Test01" name="NitinTest" time="0.0"/>
  <testcase classname="Freshworks.Freshworks.Test01" name="tst" time="0.0"/>
  <testcase classname="pRACTICE.sep25_02" name="ff" time="0.016"/>
</testsuite> <!-- Test33 -->
