<?xml version="1.0" encoding="UTF-8"?>
<!-- Generated by org.testng.reporters.JUnitXMLReporter -->
<testsuite ignored="5" hostname="DESKTOP-LDIQ5RT" failures="0" tests="0" time="0.006" errors="0" timestamp="2021-10-13T02:09:39 IST">
  <testcase classname="Freshworks.Freshworks.Test01" name="Checkingmavencommand" time="0.0">
    <ignored/>
  </testcase> <!-- Checkingmavencommand -->
  <testcase classname="Freshworks.Freshworks.Test01" name="tst" time="0.0">
    <ignored/>
  </testcase> <!-- tst -->
  <testcase classname="Freshworks.Freshworks.Test01" name="FreshTest" time="0.0">
    <ignored/>
  </testcase> <!-- FreshTest -->
  <testcase classname="pRACTICE.sep25_02" name="ff" time="0.0">
    <ignored/>
  </testcase> <!-- ff -->
  <testcase classname="Freshworks.Freshworks.Test01" name="NitinTest" time="0.0">
    <ignored/>
  </testcase> <!-- NitinTest -->
</testsuite>
