<?xml version="1.0" encoding="UTF-8"?>
<!-- Generated by org.testng.reporters.JUnitXMLReporter -->
<testsuite ignored="0" hostname="DESKTOP-LDIQ5RT" failures="0" tests="3" name="Test22" time="0.006" errors="0" timestamp="2021-09-30T19:48:53 IST">
  <testcase classname="Freshworks.Freshworks.Test01" name="FreshTest" time="0.0"/>
  <testcase classname="Freshworks.Freshworks.Test01" name="tst" time="0.0"/>
  <testcase classname="pRACTICE.sep25_02" name="ff" time="0.0"/>
</testsuite> <!-- Test22 -->
