<?xml version="1.0" encoding="UTF-8"?>
<testsuite xmlns:xsi="http://www.w3.org/2001/XMLSchema-instance" xsi:noNamespaceSchemaLocation="https://maven.apache.org/surefire/maven-surefire-plugin/xsd/surefire-test-report-3.0.xsd" version="3.0" name="TestSuite" time="2.75" tests="15" errors="0" skipped="0" failures="0">
  <properties>
[...]
</properties>
  <testcase name="Checkingmavencommand" classname="Freshworks.Freshworks.Test01" time="0.344"/>
  <testcase name="Checkingmavencommand" classname="Freshworks.Freshworks.Test01" time="0.016"/>
  <testcase name="Checkingmavencommand" classname="Freshworks.Freshworks.Test01" time="0.016"/>
  <testcase name="FreshTest" classname="Freshworks.Freshworks.Test01" time="0.156"/>
  <testcase name="FreshTest" classname="Freshworks.Freshworks.Test01" time="0"/>
  <testcase name="FreshTest" classname="Freshworks.Freshworks.Test01" time="0"/>
  <testcase name="NitinTest" classname="Freshworks.Freshworks.Test01" time="0.015"/>
  <testcase name="NitinTest" classname="Freshworks.Freshworks.Test01" time="0"/>
  <testcase name="NitinTest" classname="Freshworks.Freshworks.Test01" time="0"/>
  <testcase name="tst" classname="Freshworks.Freshworks.Test01" time="0"/>
  <testcase name="tst" classname="Freshworks.Freshworks.Test01" time="0"/>
  <testcase name="tst" classname="Freshworks.Freshworks.Test01" time="0"/>
  <testcase name="ff" classname="Freshworks.Freshworks.Test01" time="0"/>
  <testcase name="ff" classname="Freshworks.Freshworks.Test01" time="0"/>
  <testcase name="ff" classname="Freshworks.Freshworks.Test01" time="0.015"/>
</testsuite>