<?xml version="1.0" encoding="UTF-8"?>
<testng-results ignored="0" total="1" passed="1" failed="0" skipped="0">
  <reporter-output>
  </reporter-output>
  <suite started-at="2021-10-09T14:58:31 IST" name="Default suite" finished-at="2021-10-09T14:58:32 IST" duration-ms="1569">
    <groups>
    </groups>
    <test started-at="2021-10-09T14:58:31 IST" name="Default test" finished-at="2021-10-09T14:58:32 IST" duration-ms="1569">
      <class name="Freshworks.Freshworks.Test02">
        <test-method signature="runit()[pri:0, instance:Freshworks.Freshworks.Test02@4a7f959b]" started-at="2021-10-09T14:58:31 IST" name="runit" finished-at="2021-10-09T14:58:32 IST" duration-ms="1504" status="PASS">
          <reporter-output>
          </reporter-output>
        </test-method> <!-- runit -->
      </class> <!-- Freshworks.Freshworks.Test02 -->
    </test> <!-- Default test -->
  </suite> <!-- Default suite -->
</testng-results>
