<?xml version="1.0" encoding="UTF-8"?>
<testng-results ignored="0" total="1" passed="1" failed="0" skipped="0">
  <reporter-output>
  </reporter-output>
  <suite started-at="2022-01-15T18:34:40 IST" name="Default suite" finished-at="2022-01-15T18:34:42 IST" duration-ms="2604">
    <groups>
    </groups>
    <test started-at="2022-01-15T18:34:40 IST" name="Default test" finished-at="2022-01-15T18:34:42 IST" duration-ms="2604">
      <class name="Apache_POI.dt04">
        <test-method signature="dpt()[pri:0, instance:Apache_POI.dt04@4d02f94e]" started-at="2022-01-15T18:34:40 IST" name="dpt" finished-at="2022-01-15T18:34:42 IST" duration-ms="2460" status="PASS">
          <reporter-output>
          </reporter-output>
        </test-method> <!-- dpt -->
      </class> <!-- Apache_POI.dt04 -->
    </test> <!-- Default test -->
  </suite> <!-- Default suite -->
</testng-results>
